<project xmlns="http://maven.apache.org/POM/4.0.0"
         xmlns:xsi="http://www.w3.org/2001/XMLSchema-instance"
         xsi:schemaLocation="http://maven.apache.org/POM/4.0.0 http://maven.apache.org/xsd/maven-4.0.0.xsd">
    <modelVersion>4.0.0</modelVersion>

    <groupId>ru.krdev</groupId>
    <artifactId>babel-maven-plugin-test</artifactId>
    <version>1.0-SNAPSHOT</version>
    <packaging>jar</packaging>

    <dependencies>
        <dependency>
            <groupId>junit</groupId>
            <artifactId>junit</artifactId>
            <version>3.8.1</version>
            <scope>test</scope>
        </dependency>
    </dependencies>

    <build>
        <plugins>
            <plugin>
                <groupId>ru.krdev</groupId>
                <artifactId>babel-maven-plugin</artifactId>
                <configuration>          
                    <sourceFileSet>
                        <directory>src</directory>
                        <includes>
                            <include>**/*.jsx</include>
                        </includes>                            
                    </sourceFileSet>
                    <outputDirectory>target</outputDirectory>
                </configuration>
            </plugin>
        </plugins>
    </build>
</project>